<?xml version="1.0" encoding="UTF-8"?>
<!-- Generated by org.testng.reporters.JUnitReportReporter -->
<testsuite hostname="6946bbbfd95a" failures="0" tests="9" name="com.pratikbhusari.tests.vendorportal.VendorPortalTest" time="21.865" errors="0" timestamp="2024-06-11T13:33:24 GMT" skipped="0">
  <testcase classname="com.pratikbhusari.tests.vendorportal.VendorPortalTest" name="logoutTest" time="2.239"/>
  <testcase classname="com.pratikbhusari.tests.vendorportal.VendorPortalTest" name="logoutTest" time="2.279"/>
  <testcase classname="com.pratikbhusari.tests.vendorportal.VendorPortalTest" name="loginTest" time="1.986"/>
  <testcase classname="com.pratikbhusari.tests.vendorportal.VendorPortalTest" name="loginTest" time="1.975"/>
  <testcase classname="com.pratikbhusari.tests.vendorportal.VendorPortalTest" name="dashboardTest" time="3.157"/>
  <testcase classname="com.pratikbhusari.tests.vendorportal.VendorPortalTest" name="dashboardTest" time="2.969"/>
  <testcase classname="com.pratikbhusari.tests.vendorportal.VendorPortalTest" name="logoutTest" time="2.201"/>
  <testcase classname="com.pratikbhusari.tests.vendorportal.VendorPortalTest" name="loginTest" time="2.174"/>
  <testcase classname="com.pratikbhusari.tests.vendorportal.VendorPortalTest" name="dashboardTest" time="2.885"/>
</testsuite> <!-- com.pratikbhusari.tests.vendorportal.VendorPortalTest -->
