<?xml version="1.0" encoding="UTF-8"?>
<!-- Generated by org.testng.reporters.JUnitReportReporter -->
<testsuite hostname="98a7dc2633f3" failures="0" tests="9" name="com.pratikbhusari.tests.vendorportal.VendorPortalTest" time="15.118" errors="0" timestamp="2024-06-11T11:52:47 GMT" skipped="0">
  <testcase classname="com.pratikbhusari.tests.vendorportal.VendorPortalTest" name="logoutTest" time="1.196"/>
  <testcase classname="com.pratikbhusari.tests.vendorportal.VendorPortalTest" name="dashboardTest" time="1.752"/>
  <testcase classname="com.pratikbhusari.tests.vendorportal.VendorPortalTest" name="loginTest" time="1.206"/>
  <testcase classname="com.pratikbhusari.tests.vendorportal.VendorPortalTest" name="dashboardTest" time="2.931"/>
  <testcase classname="com.pratikbhusari.tests.vendorportal.VendorPortalTest" name="logoutTest" time="1.256"/>
  <testcase classname="com.pratikbhusari.tests.vendorportal.VendorPortalTest" name="logoutTest" time="1.304"/>
  <testcase classname="com.pratikbhusari.tests.vendorportal.VendorPortalTest" name="loginTest" time="1.206"/>
  <testcase classname="com.pratikbhusari.tests.vendorportal.VendorPortalTest" name="loginTest" time="1.238"/>
  <testcase classname="com.pratikbhusari.tests.vendorportal.VendorPortalTest" name="dashboardTest" time="3.029"/>
</testsuite> <!-- com.pratikbhusari.tests.vendorportal.VendorPortalTest -->
