<?xml version="1.0" encoding="UTF-8"?>
<!-- Generated by org.testng.reporters.JUnitReportReporter -->
<testsuite hostname="4a783589cd21" failures="0" tests="20" name="com.pratikbhusari.tests.flightreservation.FlightReservationTest" time="43.067" errors="0" timestamp="2024-06-11T13:33:35 GMT" skipped="0">
  <testcase classname="com.pratikbhusari.tests.flightreservation.FlightReservationTest" name="flightsSearchTest" time="1.693"/>
  <testcase classname="com.pratikbhusari.tests.flightreservation.FlightReservationTest" name="flightsSelectionTest" time="0.602"/>
  <testcase classname="com.pratikbhusari.tests.flightreservation.FlightReservationTest" name="flightsSearchTest" time="0.974"/>
  <testcase classname="com.pratikbhusari.tests.flightreservation.FlightReservationTest" name="flightReservationConfirmation" time="2.329"/>
  <testcase classname="com.pratikbhusari.tests.flightreservation.FlightReservationTest" name="flightsSearchTest" time="2.335"/>
  <testcase classname="com.pratikbhusari.tests.flightreservation.FlightReservationTest" name="flightsSelectionTest" time="2.328"/>
  <testcase classname="com.pratikbhusari.tests.flightreservation.FlightReservationTest" name="flightsSelectionTest" time="1.759"/>
  <testcase classname="com.pratikbhusari.tests.flightreservation.FlightReservationTest" name="registrationConfirmationTest" time="0.809"/>
  <testcase classname="com.pratikbhusari.tests.flightreservation.FlightReservationTest" name="userRegistrationTest" time="4.525"/>
  <testcase classname="com.pratikbhusari.tests.flightreservation.FlightReservationTest" name="userRegistrationTest" time="4.126"/>
  <testcase classname="com.pratikbhusari.tests.flightreservation.FlightReservationTest" name="flightReservationConfirmation" time="2.285"/>
  <testcase classname="com.pratikbhusari.tests.flightreservation.FlightReservationTest" name="flightReservationConfirmation" time="1.755"/>
  <testcase classname="com.pratikbhusari.tests.flightreservation.FlightReservationTest" name="userRegistrationTest" time="4.233"/>
  <testcase classname="com.pratikbhusari.tests.flightreservation.FlightReservationTest" name="flightsSelectionTest" time="2.889"/>
  <testcase classname="com.pratikbhusari.tests.flightreservation.FlightReservationTest" name="flightsSearchTest" time="0.634"/>
  <testcase classname="com.pratikbhusari.tests.flightreservation.FlightReservationTest" name="registrationConfirmationTest" time="1.344"/>
  <testcase classname="com.pratikbhusari.tests.flightreservation.FlightReservationTest" name="registrationConfirmationTest" time="1.895"/>
  <testcase classname="com.pratikbhusari.tests.flightreservation.FlightReservationTest" name="userRegistrationTest" time="4.447"/>
  <testcase classname="com.pratikbhusari.tests.flightreservation.FlightReservationTest" name="registrationConfirmationTest" time="1.302"/>
  <testcase classname="com.pratikbhusari.tests.flightreservation.FlightReservationTest" name="flightReservationConfirmation" time="0.803"/>
</testsuite> <!-- com.pratikbhusari.tests.flightreservation.FlightReservationTest -->
